This is pdfTeX, Version 3.14159265-2.6-1.40.21 (MiKTeX 20.7) (preloaded format=pdflatex 2020.9.6)  17 NOV 2020 21:34
entering extended mode
**./project_grey_matter.tex
(project_grey_matter.tex
LaTeX2e <2020-02-02> patch level 5
L3 programming layer <2020-08-07>
("C:\Program Files\MiKTeX\tex/latex/base\report.cls"
Document Class: report 2019/12/20 v1.4l Standard LaTeX document class
("C:\Program Files\MiKTeX\tex/latex/base\size12.clo"
File: size12.clo 2019/12/20 v1.4l Standard LaTeX file (size option)
)
\c@part=\count168
\c@chapter=\count169
\c@section=\count170
\c@subsection=\count171
\c@subsubsection=\count172
\c@paragraph=\count173
\c@subparagraph=\count174
\c@figure=\count175
\c@table=\count176
\abovecaptionskip=\skip47
\belowcaptionskip=\skip48
\bibindent=\dimen134
)
("C:\Program Files\MiKTeX\tex/latex/base\inputenc.sty"
Package: inputenc 2018/08/11 v1.3c Input encoding file
\inpenc@prehook=\toks15
\inpenc@posthook=\toks16
)
("C:\Program Files\MiKTeX\tex/generic/babel\babel.sty"
Package: babel 2020/07/13 3.47 The Babel package

("C:\Program Files\MiKTeX\tex/generic/babel\babel.def"
File: babel.def 2020/07/13 3.47 Babel common definitions
\babel@savecnt=\count177
\U@D=\dimen135
\l@babelnohyphens=\language79

("C:\Program Files\MiKTeX\tex/generic/babel\txtbabel.def")
\bbl@readstream=\read2
)
\bbl@dirlevel=\count178

*************************************
* Local config file bblopts.cfg used
*
("C:\Program Files\MiKTeX\tex/latex/arabi\bblopts.cfg"
File: bblopts.cfg 2005/09/08 v0.1 add Arabic and Farsi to "declared" options of
 babel
)
("C:\Program Files\MiKTeX\tex/latex/babel-english\english.ldf"
Language: english 2017/06/06 v3.3r English support from the babel system
Package babel Info: \l@canadian = using hyphenrules for english
(babel)             (\language0) on input line 102.
Package babel Info: \l@australian = using hyphenrules for ukenglish
(babel)             (\language73) on input line 105.
Package babel Info: \l@newzealand = using hyphenrules for ukenglish
(babel)             (\language73) on input line 108.
))
("C:\Program Files\MiKTeX\tex/latex/geometry\geometry.sty"
Package: geometry 2020/01/02 v5.9 Page Geometry

("C:\Program Files\MiKTeX\tex/latex/graphics\keyval.sty"
Package: keyval 2014/10/28 v1.15 key=value parser (DPC)
\KV@toks@=\toks17
)
("C:\Program Files\MiKTeX\tex/generic/iftex\ifvtex.sty"
Package: ifvtex 2019/10/25 v1.7 ifvtex legacy package. Use iftex instead.

("C:\Program Files\MiKTeX\tex/generic/iftex\iftex.sty"
Package: iftex 2020/03/06 v1.0d TeX engine tests
))
\Gm@cnth=\count179
\Gm@cntv=\count180
\c@Gm@tempcnt=\count181
\Gm@bindingoffset=\dimen136
\Gm@wd@mp=\dimen137
\Gm@odd@mp=\dimen138
\Gm@even@mp=\dimen139
\Gm@layoutwidth=\dimen140
\Gm@layoutheight=\dimen141
\Gm@layouthoffset=\dimen142
\Gm@layoutvoffset=\dimen143
\Gm@dimlist=\toks18

("C:\Program Files\MiKTeX\tex/latex/geometry\geometry.cfg"))
("C:\Program Files\MiKTeX\tex/latex/fancyhdr\fancyhdr.sty"
Package: fancyhdr 2019/01/31 v3.10 Extensive control of page headers and footer
s
\f@nch@headwidth=\skip49
\f@nch@O@elh=\skip50
\f@nch@O@erh=\skip51
\f@nch@O@olh=\skip52
\f@nch@O@orh=\skip53
\f@nch@O@elf=\skip54
\f@nch@O@erf=\skip55
\f@nch@O@olf=\skip56
\f@nch@O@orf=\skip57
)
("C:\Program Files\MiKTeX\tex/latex/url\url.sty"
\Urlmuskip=\muskip16
Package: url 2013/09/16  ver 3.4  Verb mode for urls, etc.
)
("C:\Program Files\MiKTeX\tex/latex/datetime\datetime.sty"
Package: datetime 2015/03/20 v2.60 Date Time Package

("C:\Program Files\MiKTeX\tex/latex/etoolbox\etoolbox.sty"
Package: etoolbox 2020/08/24 v2.5j e-TeX tools for LaTeX (JAW)
\etb@tempcnta=\count182
)
("C:\Program Files\MiKTeX\tex/latex/fmtcount\fmtcount.sty"
Package: fmtcount 2020/01/30 v3.07

("C:\Program Files\MiKTeX\tex/latex/base\ifthen.sty"
Package: ifthen 2014/09/29 v1.1c Standard LaTeX ifthen package (DPC)
)
("C:\Program Files\MiKTeX\tex/latex/xkeyval\xkeyval.sty"
Package: xkeyval 2014/12/03 v2.7a package option processing (HA)

("C:\Program Files\MiKTeX\tex/generic/xkeyval\xkeyval.tex"
("C:\Program Files\MiKTeX\tex/generic/xkeyval\xkvutils.tex"
\XKV@toks=\toks19
\XKV@tempa@toks=\toks20
)
\XKV@depth=\count183
File: xkeyval.tex 2014/12/03 v2.7a key=value parser (HA)
))
("C:\Program Files\MiKTeX\tex/latex/fmtcount\fcprefix.sty"
Package: fcprefix 2012/09/28

("C:\Program Files\MiKTeX\tex/latex/fmtcount\fcnumparser.sty"
Package: fcnumparser 2017/06/15
\fc@digit@counter=\count184
))
("C:\Program Files\MiKTeX\tex/latex/amsmath\amsgen.sty"
File: amsgen.sty 1999/11/30 v2.0 generic functions
\@emptytoks=\toks21
\ex@=\dimen144
)
\c@padzeroesN=\count185
\fc@tmpcatcode=\count186

("C:\Program Files\MiKTeX\tex/latex/fmtcount\fc-english.def"
File: fc-english.def 2016/01/12
)
\@DT@modctr=\count187
\@ordinalctr=\count188
\@orgargctr=\count189
\@strctr=\count190
\@tmpstrctr=\count191
\@DT@loopN=\count192
\@DT@X=\count193
)
("C:\Program Files\MiKTeX\tex/latex/datetime\datetime-defaults.sty"
Package: datetime-defaults 2013/09/10
)
\@day=\count194
\@month=\count195
\@year=\count196
\c@HOUR=\count197
\c@HOURXII=\count198
\c@MINUTE=\count199
\c@TOHOUR=\count266
\c@TOMINUTE=\count267
\c@SECOND=\count268
\currenthour=\count269
\currentminute=\count270
\currentsecond=\count271
Package datetime Info: No datetime.cfg file found, using default settings on in
put line 308.
\@dtctr=\count272
\dayofyear=\count273
\dayofweek=\count274
LaTeX Info: Redefining \today on input line 736.
\dt@a=\toks22
\dt@b=\toks23
)
("C:\Program Files\MiKTeX\tex/latex/graphics\graphicx.sty"
Package: graphicx 2019/11/30 v1.2a Enhanced LaTeX Graphics (DPC,SPQR)

("C:\Program Files\MiKTeX\tex/latex/graphics\graphics.sty"
Package: graphics 2019/11/30 v1.4a Standard LaTeX Graphics (DPC,SPQR)

("C:\Program Files\MiKTeX\tex/latex/graphics\trig.sty"
Package: trig 2016/01/03 v1.10 sin cos tan (DPC)
)
("C:\Program Files\MiKTeX\tex/latex/graphics-cfg\graphics.cfg"
File: graphics.cfg 2016/06/04 v1.11 sample graphics configuration
)
Package graphics Info: Driver file: pdftex.def on input line 105.

("C:\Program Files\MiKTeX\tex/latex/graphics-def\pdftex.def"
File: pdftex.def 2018/01/08 v1.0l Graphics/color driver for pdftex
))
\Gin@req@height=\dimen145
\Gin@req@width=\dimen146
)
("C:\Program Files\MiKTeX\tex/latex/float\float.sty"
Package: float 2001/11/08 v1.3d Float enhancements (AL)
\c@float@type=\count275
\float@exts=\toks24
\float@box=\box45
\@float@everytoks=\toks25
\@floatcapt=\box46
)
("C:\Program Files\MiKTeX\tex/latex/caption\caption.sty"
Package: caption 2020/05/30 v3.4k Customizing captions (AR)

("C:\Program Files\MiKTeX\tex/latex/caption\caption3.sty"
Package: caption3 2020/07/20 v1.12b caption3 kernel (AR)
Package caption3 Info: TeX engine: e-TeX on input line 61.
\captionmargin=\dimen147
\captionmargin@=\dimen148
\captionwidth=\dimen149
\caption@tempdima=\dimen150
\caption@indent=\dimen151
\caption@parindent=\dimen152
\caption@hangindent=\dimen153
Package caption Info: Standard document class detected.
)
\c@caption@flags=\count276
\c@continuedfloat=\count277
Package caption Info: float package is loaded.
)
("C:\Program Files\MiKTeX\tex/latex/amsmath\amsmath.sty"
Package: amsmath 2020/01/20 v2.17e AMS math features
\@mathmargin=\skip58

For additional information on amsmath, use the `?' option.
("C:\Program Files\MiKTeX\tex/latex/amsmath\amstext.sty"
Package: amstext 2000/06/29 v2.01 AMS text
)
("C:\Program Files\MiKTeX\tex/latex/amsmath\amsbsy.sty"
Package: amsbsy 1999/11/29 v1.2d Bold Symbols
\pmbraise@=\dimen154
)
("C:\Program Files\MiKTeX\tex/latex/amsmath\amsopn.sty"
Package: amsopn 2016/03/08 v2.02 operator names
)
\inf@bad=\count278
LaTeX Info: Redefining \frac on input line 227.
\uproot@=\count279
\leftroot@=\count280
LaTeX Info: Redefining \overline on input line 389.
\classnum@=\count281
\DOTSCASE@=\count282
LaTeX Info: Redefining \ldots on input line 486.
LaTeX Info: Redefining \dots on input line 489.
LaTeX Info: Redefining \cdots on input line 610.
\Mathstrutbox@=\box47
\strutbox@=\box48
\big@size=\dimen155
LaTeX Font Info:    Redeclaring font encoding OML on input line 733.
LaTeX Font Info:    Redeclaring font encoding OMS on input line 734.
\macc@depth=\count283
\c@MaxMatrixCols=\count284
\dotsspace@=\muskip17
\c@parentequation=\count285
\dspbrk@lvl=\count286
\tag@help=\toks26
\row@=\count287
\column@=\count288
\maxfields@=\count289
\andhelp@=\toks27
\eqnshift@=\dimen156
\alignsep@=\dimen157
\tagshift@=\dimen158
\tagwidth@=\dimen159
\totwidth@=\dimen160
\lineht@=\dimen161
\@envbody=\toks28
\multlinegap=\skip59
\multlinetaggap=\skip60
\mathdisplay@stack=\toks29
LaTeX Info: Redefining \[ on input line 2859.
LaTeX Info: Redefining \] on input line 2860.
)
("C:\Program Files\MiKTeX\tex/latex/hyperref\hyperref.sty"
Package: hyperref 2020-05-15 v7.00e Hypertext links for LaTeX

("C:\Program Files\MiKTeX\tex/generic/ltxcmds\ltxcmds.sty"
Package: ltxcmds 2019/12/15 v1.24 LaTeX kernel commands for general use (HO)
)
("C:\Program Files\MiKTeX\tex/generic/pdftexcmds\pdftexcmds.sty"
Package: pdftexcmds 2020-06-27 v0.33 Utility functions of pdfTeX for LuaTeX (HO
)

("C:\Program Files\MiKTeX\tex/generic/infwarerr\infwarerr.sty"
Package: infwarerr 2019/12/03 v1.5 Providing info/warning/error messages (HO)
)
Package pdftexcmds Info: \pdf@primitive is available.
Package pdftexcmds Info: \pdf@ifprimitive is available.
Package pdftexcmds Info: \pdfdraftmode found.
)
("C:\Program Files\MiKTeX\tex/generic/kvsetkeys\kvsetkeys.sty"
Package: kvsetkeys 2019/12/15 v1.18 Key value parser (HO)
)
("C:\Program Files\MiKTeX\tex/generic/kvdefinekeys\kvdefinekeys.sty"
Package: kvdefinekeys 2019-12-19 v1.6 Define keys (HO)
)
("C:\Program Files\MiKTeX\tex/generic/pdfescape\pdfescape.sty"
Package: pdfescape 2019/12/09 v1.15 Implements pdfTeX's escape features (HO)
)
("C:\Program Files\MiKTeX\tex/latex/hycolor\hycolor.sty"
Package: hycolor 2020-01-27 v1.10 Color options for hyperref/bookmark (HO)
)
("C:\Program Files\MiKTeX\tex/latex/letltxmacro\letltxmacro.sty"
Package: letltxmacro 2019/12/03 v1.6 Let assignment for LaTeX macros (HO)
)
("C:\Program Files\MiKTeX\tex/latex/auxhook\auxhook.sty"
Package: auxhook 2019-12-17 v1.6 Hooks for auxiliary files (HO)
)
("C:\Program Files\MiKTeX\tex/latex/kvoptions\kvoptions.sty"
Package: kvoptions 2019/11/29 v3.13 Key value format for package options (HO)
)
\@linkdim=\dimen162
\Hy@linkcounter=\count290
\Hy@pagecounter=\count291

("C:\Program Files\MiKTeX\tex/latex/hyperref\pd1enc.def"
File: pd1enc.def 2020-05-15 v7.00e Hyperref: PDFDocEncoding definition (HO)
Now handling font encoding PD1 ...
... no UTF-8 mapping file for font encoding PD1
)
("C:\Program Files\MiKTeX\tex/generic/intcalc\intcalc.sty"
Package: intcalc 2019/12/15 v1.3 Expandable calculations with integers (HO)
)
("C:\Program Files\MiKTeX\tex/generic/etexcmds\etexcmds.sty"
Package: etexcmds 2019/12/15 v1.7 Avoid name clashes with e-TeX commands (HO)
)
\Hy@SavedSpaceFactor=\count292
Package hyperref Info: Hyper figures OFF on input line 4464.
Package hyperref Info: Link nesting OFF on input line 4469.
Package hyperref Info: Hyper index ON on input line 4472.
Package hyperref Info: Plain pages OFF on input line 4479.
Package hyperref Info: Backreferencing OFF on input line 4484.
Package hyperref Info: Implicit mode ON; LaTeX internals redefined.
Package hyperref Info: Bookmarks ON on input line 4717.
\c@Hy@tempcnt=\count293
LaTeX Info: Redefining \url on input line 5076.
\XeTeXLinkMargin=\dimen163

("C:\Program Files\MiKTeX\tex/generic/bitset\bitset.sty"
Package: bitset 2019/12/09 v1.3 Handle bit-vector datatype (HO)

("C:\Program Files\MiKTeX\tex/generic/bigintcalc\bigintcalc.sty"
Package: bigintcalc 2019/12/15 v1.5 Expandable calculations on big integers (HO
)
))
\Fld@menulength=\count294
\Field@Width=\dimen164
\Fld@charsize=\dimen165
Package hyperref Info: Hyper figures OFF on input line 6347.
Package hyperref Info: Link nesting OFF on input line 6352.
Package hyperref Info: Hyper index ON on input line 6355.
Package hyperref Info: backreferencing OFF on input line 6362.
Package hyperref Info: Link coloring OFF on input line 6367.
Package hyperref Info: Link coloring with OCG OFF on input line 6372.
Package hyperref Info: PDF/A mode OFF on input line 6377.
LaTeX Info: Redefining \ref on input line 6417.
LaTeX Info: Redefining \pageref on input line 6421.

("C:\Program Files\MiKTeX\tex/generic/atbegshi\atbegshi.sty"
Package: atbegshi 2019/12/05 v1.19 At begin shipout hook (HO)
)
\Hy@abspage=\count295
\c@Item=\count296
\c@Hfootnote=\count297
)
Package hyperref Info: Driver (autodetected): hpdftex.

("C:\Program Files\MiKTeX\tex/latex/hyperref\hpdftex.def"
File: hpdftex.def 2020-05-15 v7.00e Hyperref driver for pdfTeX

("C:\Program Files\MiKTeX\tex/latex/atveryend\atveryend.sty"
Package: atveryend 2019-12-11 v1.11 Hooks at the very end of document (HO)
)
\Fld@listcount=\count298
\c@bookmark@seq@number=\count299

("C:\Program Files\MiKTeX\tex/latex/rerunfilecheck\rerunfilecheck.sty"
Package: rerunfilecheck 2019/12/05 v1.9 Rerun checks for auxiliary files (HO)

("C:\Program Files\MiKTeX\tex/generic/uniquecounter\uniquecounter.sty"
Package: uniquecounter 2019/12/15 v1.4 Provide unlimited unique counter (HO)
)
Package uniquecounter Info: New unique counter `rerunfilecheck' on input line 2
86.
)
\Hy@SectionHShift=\skip61
)
("C:\Program Files\MiKTeX\tex/latex/nomencl\nomencl.sty"
Package: nomencl 2020/03/01 v5.4 Nomenclature package

("C:\Program Files\MiKTeX\tex/latex/koma-script\tocbasic.sty"
Package: tocbasic 2020/07/22 v3.31 KOMA-Script package (handling toc-files)

("C:\Program Files\MiKTeX\tex/latex/koma-script\scrbase.sty"
Package: scrbase 2020/07/22 v3.31 KOMA-Script package (KOMA-Script-independent 
basics and keyval usage)

("C:\Program Files\MiKTeX\tex/latex/koma-script\scrlfile.sty"
Package: scrlfile 2020/07/22 v3.31 KOMA-Script package (loading files)
))
\scr@dte@tocline@numberwidth=\skip62
\scr@dte@tocline@numbox=\box49
)
Package tocbasic Info: setting babel extension for `nlo' on input line 179.
Package tocbasic Info: setting babel extension for `nls' on input line 180.
\nomlabelwidth=\dimen166
\nom@tempdim=\dimen167
\nomitemsep=\skip63
)
\@nomenclaturefile=\write3
\openout3 = `project_grey_matter.nlo'.

Package nomencl Info: Writing nomenclature file project_grey_matter.nlo on inpu
t line 17.

("C:\Program Files\MiKTeX\tex/latex/amsfonts\amssymb.sty"
Package: amssymb 2013/01/14 v3.01 AMS font symbols

("C:\Program Files\MiKTeX\tex/latex/amsfonts\amsfonts.sty"
Package: amsfonts 2013/01/14 v3.01 Basic AMSFonts support
\symAMSa=\mathgroup4
\symAMSb=\mathgroup5
LaTeX Font Info:    Redeclaring math symbol \hbar on input line 98.
LaTeX Font Info:    Overwriting math alphabet `\mathfrak' in version `bold'
(Font)                  U/euf/m/n --> U/euf/b/n on input line 106.
))
("C:\Program Files\MiKTeX\tex/latex/caption\subcaption.sty"
Package: subcaption 2020/01/22 v1.3d Sub-captions (AR)
\c@subfigure=\count300
\c@subtable=\count301
)
("C:\Program Files\MiKTeX\tex/latex/titlesec\titlesec.sty"
Package: titlesec 2019/10/16 v2.13 Sectioning titles
\ttl@box=\box50
\beforetitleunit=\skip64
\aftertitleunit=\skip65
\ttl@plus=\dimen168
\ttl@minus=\dimen169
\ttl@toksa=\toks30
\titlewidth=\dimen170
\titlewidthlast=\dimen171
\titlewidthfirst=\dimen172
)
("C:\Program Files\MiKTeX\tex/latex/tcolorbox\tcolorbox.sty"
Package: tcolorbox 2020/07/31 version 4.31 text color boxes

("C:\Program Files\MiKTeX\tex/latex/pgf/basiclayer\pgf.sty"
("C:\Program Files\MiKTeX\tex/latex/pgf/utilities\pgfrcs.sty"
("C:\Program Files\MiKTeX\tex/generic/pgf/utilities\pgfutil-common.tex"
\pgfutil@everybye=\toks31
\pgfutil@tempdima=\dimen173
\pgfutil@tempdimb=\dimen174

("C:\Program Files\MiKTeX\tex/generic/pgf/utilities\pgfutil-common-lists.tex"))
("C:\Program Files\MiKTeX\tex/generic/pgf/utilities\pgfutil-latex.def"
\pgfutil@abb=\box51

("C:\Program Files\MiKTeX\tex/latex/ms\everyshi.sty"
Package: everyshi 2001/05/15 v3.00 EveryShipout Package (MS)
))
("C:\Program Files\MiKTeX\tex/generic/pgf/utilities\pgfrcs.code.tex"
("C:\Program Files\MiKTeX\tex/generic/pgf\pgf.revision.tex")
Package: pgfrcs 2020/01/08 v3.1.5b (3.1.5b)
))
Package: pgf 2020/01/08 v3.1.5b (3.1.5b)

("C:\Program Files\MiKTeX\tex/latex/pgf/basiclayer\pgfcore.sty"
("C:\Program Files\MiKTeX\tex/latex/pgf/systemlayer\pgfsys.sty"
("C:\Program Files\MiKTeX\tex/generic/pgf/systemlayer\pgfsys.code.tex"
Package: pgfsys 2020/01/08 v3.1.5b (3.1.5b)

("C:\Program Files\MiKTeX\tex/generic/pgf/utilities\pgfkeys.code.tex"
\pgfkeys@pathtoks=\toks32
\pgfkeys@temptoks=\toks33

("C:\Program Files\MiKTeX\tex/generic/pgf/utilities\pgfkeysfiltered.code.tex"
\pgfkeys@tmptoks=\toks34
))
\pgf@x=\dimen175
\pgf@y=\dimen176
\pgf@xa=\dimen177
\pgf@ya=\dimen178
\pgf@xb=\dimen179
\pgf@yb=\dimen180
\pgf@xc=\dimen181
\pgf@yc=\dimen182
\pgf@xd=\dimen183
\pgf@yd=\dimen184
\w@pgf@writea=\write4
\r@pgf@reada=\read3
\c@pgf@counta=\count302
\c@pgf@countb=\count303
\c@pgf@countc=\count304
\c@pgf@countd=\count305
\t@pgf@toka=\toks35
\t@pgf@tokb=\toks36
\t@pgf@tokc=\toks37
\pgf@sys@id@count=\count306
("C:\Program Files\MiKTeX\tex/generic/pgf/systemlayer\pgf.cfg"
File: pgf.cfg 2020/01/08 v3.1.5b (3.1.5b)
)
Driver file for pgf: pgfsys-pdftex.def

("C:\Program Files\MiKTeX\tex/generic/pgf/systemlayer\pgfsys-pdftex.def"
File: pgfsys-pdftex.def 2020/01/08 v3.1.5b (3.1.5b)

("C:\Program Files\MiKTeX\tex/generic/pgf/systemlayer\pgfsys-common-pdf.def"
File: pgfsys-common-pdf.def 2020/01/08 v3.1.5b (3.1.5b)
))) ("C:\Program Files\MiKTeX\tex/generic/pgf/systemlayer\pgfsyssoftpath.code.t
ex"
File: pgfsyssoftpath.code.tex 2020/01/08 v3.1.5b (3.1.5b)
\pgfsyssoftpath@smallbuffer@items=\count307
\pgfsyssoftpath@bigbuffer@items=\count308
) ("C:\Program Files\MiKTeX\tex/generic/pgf/systemlayer\pgfsysprotocol.code.tex
"
File: pgfsysprotocol.code.tex 2020/01/08 v3.1.5b (3.1.5b)
)) ("C:\Program Files\MiKTeX\tex/latex/xcolor\xcolor.sty"
Package: xcolor 2016/05/11 v2.12 LaTeX color extensions (UK)

("C:\Program Files\MiKTeX\tex/latex/graphics-cfg\color.cfg"
File: color.cfg 2016/01/02 v1.6 sample color configuration
)
Package xcolor Info: Driver file: pdftex.def on input line 225.
Package xcolor Info: Model `cmy' substituted by `cmy0' on input line 1348.
Package xcolor Info: Model `hsb' substituted by `rgb' on input line 1352.
Package xcolor Info: Model `RGB' extended on input line 1364.
Package xcolor Info: Model `HTML' substituted by `rgb' on input line 1366.
Package xcolor Info: Model `Hsb' substituted by `hsb' on input line 1367.
Package xcolor Info: Model `tHsb' substituted by `hsb' on input line 1368.
Package xcolor Info: Model `HSB' substituted by `hsb' on input line 1369.
Package xcolor Info: Model `Gray' substituted by `gray' on input line 1370.
Package xcolor Info: Model `wave' substituted by `hsb' on input line 1371.
)
("C:\Program Files\MiKTeX\tex/generic/pgf/basiclayer\pgfcore.code.tex"
Package: pgfcore 2020/01/08 v3.1.5b (3.1.5b)

("C:\Program Files\MiKTeX\tex/generic/pgf/math\pgfmath.code.tex"
("C:\Program Files\MiKTeX\tex/generic/pgf/math\pgfmathcalc.code.tex"
("C:\Program Files\MiKTeX\tex/generic/pgf/math\pgfmathutil.code.tex")
("C:\Program Files\MiKTeX\tex/generic/pgf/math\pgfmathparser.code.tex"
\pgfmath@dimen=\dimen185
\pgfmath@count=\count309
\pgfmath@box=\box52
\pgfmath@toks=\toks38
\pgfmath@stack@operand=\toks39
\pgfmath@stack@operation=\toks40
)
("C:\Program Files\MiKTeX\tex/generic/pgf/math\pgfmathfunctions.code.tex"
("C:\Program Files\MiKTeX\tex/generic/pgf/math\pgfmathfunctions.basic.code.tex"
)
("C:\Program Files\MiKTeX\tex/generic/pgf/math\pgfmathfunctions.trigonometric.c
ode.tex")
("C:\Program Files\MiKTeX\tex/generic/pgf/math\pgfmathfunctions.random.code.tex
")
("C:\Program Files\MiKTeX\tex/generic/pgf/math\pgfmathfunctions.comparison.code
.tex")
("C:\Program Files\MiKTeX\tex/generic/pgf/math\pgfmathfunctions.base.code.tex")
("C:\Program Files\MiKTeX\tex/generic/pgf/math\pgfmathfunctions.round.code.tex"
) ("C:\Program Files\MiKTeX\tex/generic/pgf/math\pgfmathfunctions.misc.code.tex
")
("C:\Program Files\MiKTeX\tex/generic/pgf/math\pgfmathfunctions.integerarithmet
ics.code.tex")))
("C:\Program Files\MiKTeX\tex/generic/pgf/math\pgfmathfloat.code.tex"
\c@pgfmathroundto@lastzeros=\count310
))
("C:\Program Files\MiKTeX\tex/generic/pgf/math\pgfint.code.tex")
("C:\Program Files\MiKTeX\tex/generic/pgf/basiclayer\pgfcorepoints.code.tex"
File: pgfcorepoints.code.tex 2020/01/08 v3.1.5b (3.1.5b)
\pgf@picminx=\dimen186
\pgf@picmaxx=\dimen187
\pgf@picminy=\dimen188
\pgf@picmaxy=\dimen189
\pgf@pathminx=\dimen190
\pgf@pathmaxx=\dimen191
\pgf@pathminy=\dimen192
\pgf@pathmaxy=\dimen193
\pgf@xx=\dimen194
\pgf@xy=\dimen195
\pgf@yx=\dimen196
\pgf@yy=\dimen197
\pgf@zx=\dimen198
\pgf@zy=\dimen199
)
("C:\Program Files\MiKTeX\tex/generic/pgf/basiclayer\pgfcorepathconstruct.code.
tex"
File: pgfcorepathconstruct.code.tex 2020/01/08 v3.1.5b (3.1.5b)
\pgf@path@lastx=\dimen256
\pgf@path@lasty=\dimen257
)
("C:\Program Files\MiKTeX\tex/generic/pgf/basiclayer\pgfcorepathusage.code.tex"
File: pgfcorepathusage.code.tex 2020/01/08 v3.1.5b (3.1.5b)
\pgf@shorten@end@additional=\dimen258
\pgf@shorten@start@additional=\dimen259
) ("C:\Program Files\MiKTeX\tex/generic/pgf/basiclayer\pgfcorescopes.code.tex"
File: pgfcorescopes.code.tex 2020/01/08 v3.1.5b (3.1.5b)
\pgfpic=\box53
\pgf@hbox=\box54
\pgf@layerbox@main=\box55
\pgf@picture@serial@count=\count311
)
("C:\Program Files\MiKTeX\tex/generic/pgf/basiclayer\pgfcoregraphicstate.code.t
ex"
File: pgfcoregraphicstate.code.tex 2020/01/08 v3.1.5b (3.1.5b)
\pgflinewidth=\dimen260
)
("C:\Program Files\MiKTeX\tex/generic/pgf/basiclayer\pgfcoretransformations.cod
e.tex"
File: pgfcoretransformations.code.tex 2020/01/08 v3.1.5b (3.1.5b)
\pgf@pt@x=\dimen261
\pgf@pt@y=\dimen262
\pgf@pt@temp=\dimen263
)
("C:\Program Files\MiKTeX\tex/generic/pgf/basiclayer\pgfcorequick.code.tex"
File: pgfcorequick.code.tex 2020/01/08 v3.1.5b (3.1.5b)
)
("C:\Program Files\MiKTeX\tex/generic/pgf/basiclayer\pgfcoreobjects.code.tex"
File: pgfcoreobjects.code.tex 2020/01/08 v3.1.5b (3.1.5b)
)
("C:\Program Files\MiKTeX\tex/generic/pgf/basiclayer\pgfcorepathprocessing.code
.tex"
File: pgfcorepathprocessing.code.tex 2020/01/08 v3.1.5b (3.1.5b)
)
("C:\Program Files\MiKTeX\tex/generic/pgf/basiclayer\pgfcorearrows.code.tex"
File: pgfcorearrows.code.tex 2020/01/08 v3.1.5b (3.1.5b)
\pgfarrowsep=\dimen264
)
("C:\Program Files\MiKTeX\tex/generic/pgf/basiclayer\pgfcoreshade.code.tex"
File: pgfcoreshade.code.tex 2020/01/08 v3.1.5b (3.1.5b)
\pgf@max=\dimen265
\pgf@sys@shading@range@num=\count312
\pgf@shadingcount=\count313
)
("C:\Program Files\MiKTeX\tex/generic/pgf/basiclayer\pgfcoreimage.code.tex"
File: pgfcoreimage.code.tex 2020/01/08 v3.1.5b (3.1.5b)

("C:\Program Files\MiKTeX\tex/generic/pgf/basiclayer\pgfcoreexternal.code.tex"
File: pgfcoreexternal.code.tex 2020/01/08 v3.1.5b (3.1.5b)
\pgfexternal@startupbox=\box56
)) ("C:\Program Files\MiKTeX\tex/generic/pgf/basiclayer\pgfcorelayers.code.tex"
File: pgfcorelayers.code.tex 2020/01/08 v3.1.5b (3.1.5b)
)
("C:\Program Files\MiKTeX\tex/generic/pgf/basiclayer\pgfcoretransparency.code.t
ex"
File: pgfcoretransparency.code.tex 2020/01/08 v3.1.5b (3.1.5b)
)
("C:\Program Files\MiKTeX\tex/generic/pgf/basiclayer\pgfcorepatterns.code.tex"
File: pgfcorepatterns.code.tex 2020/01/08 v3.1.5b (3.1.5b)
) ("C:\Program Files\MiKTeX\tex/generic/pgf/basiclayer\pgfcorerdf.code.tex"
File: pgfcorerdf.code.tex 2020/01/08 v3.1.5b (3.1.5b)
)))
("C:\Program Files\MiKTeX\tex/generic/pgf/modules\pgfmoduleshapes.code.tex"
File: pgfmoduleshapes.code.tex 2020/01/08 v3.1.5b (3.1.5b)
\pgfnodeparttextbox=\box57
)
("C:\Program Files\MiKTeX\tex/generic/pgf/modules\pgfmoduleplot.code.tex"
File: pgfmoduleplot.code.tex 2020/01/08 v3.1.5b (3.1.5b)
)
("C:\Program Files\MiKTeX\tex/latex/pgf/compatibility\pgfcomp-version-0-65.sty"
Package: pgfcomp-version-0-65 2020/01/08 v3.1.5b (3.1.5b)
\pgf@nodesepstart=\dimen266
\pgf@nodesepend=\dimen267
) ("C:\Program Files\MiKTeX\tex/latex/pgf/compatibility\pgfcomp-version-1-18.st
y"
Package: pgfcomp-version-1-18 2020/01/08 v3.1.5b (3.1.5b)
)) ("C:\Program Files\MiKTeX\tex/latex/tools\verbatim.sty"
Package: verbatim 2019/11/10 v1.5r LaTeX2e package for verbatim enhancements
\every@verbatim=\toks41
\verbatim@line=\toks42
\verbatim@in@stream=\read4
)
("C:\Program Files\MiKTeX\tex/latex/environ\environ.sty"
Package: environ 2014/05/04 v0.3 A new way to define environments

("C:\Program Files\MiKTeX\tex/latex/trimspaces\trimspaces.sty"
Package: trimspaces 2009/09/17 v1.1 Trim spaces around a token list
))
\tcb@titlebox=\box58
\tcb@upperbox=\box59
\tcb@lowerbox=\box60
\tcb@phantombox=\box61
\c@tcbbreakpart=\count314
\c@tcblayer=\count315
\c@tcolorbox@number=\count316
\tcb@temp=\box62
\tcb@temp=\box63
\tcb@temp=\box64
\tcb@temp=\box65
\tcb@out=\write5
\tcb@record@out=\write6
)
("C:\Program Files\MiKTeX\tex/latex/pdfpages\pdfpages.sty"
Package: pdfpages 2020/01/28 v0.5q Insert pages of external PDF documents (AM)

("C:\Program Files\MiKTeX\tex/latex/tools\calc.sty"
Package: calc 2017/05/25 v4.3 Infix arithmetic (KKT,FJ)
\calc@Acount=\count317
\calc@Bcount=\count318
\calc@Adimen=\dimen268
\calc@Bdimen=\dimen269
\calc@Askip=\skip66
\calc@Bskip=\skip67
LaTeX Info: Redefining \setlength on input line 80.
LaTeX Info: Redefining \addtolength on input line 81.
\calc@Ccount=\count319
\calc@Cskip=\skip68
)
("C:\Program Files\MiKTeX\tex/latex/eso-pic\eso-pic.sty"
Package: eso-pic 2018/04/12 v2.0h eso-pic (RN)
)
\AM@pagewidth=\dimen270
\AM@pageheight=\dimen271

("C:\Program Files\MiKTeX\tex/latex/pdfpages\pppdftex.def"
File: pppdftex.def 2020/01/28 v0.5q Pdfpages driver for pdfTeX (AM)
)
\AM@pagebox=\box66
\AM@global@opts=\toks43
\AM@pagecnt=\count320
\AM@toc@title=\toks44
\c@AM@survey=\count321
\AM@templatesizebox=\box67
)
("C:\Program Files\MiKTeX\tex/latex/l3backend\l3backend-pdfmode.def"
File: l3backend-pdfmode.def 2020-08-07 L3 backend support: PDF mode
\l__kernel_color_stack_int=\count322
\l__pdf_internal_box=\box68
)
(project_grey_matter.aux)
\openout1 = `project_grey_matter.aux'.

LaTeX Font Info:    Checking defaults for OML/cmm/m/it on input line 72.
LaTeX Font Info:    ... okay on input line 72.
LaTeX Font Info:    Checking defaults for OMS/cmsy/m/n on input line 72.
LaTeX Font Info:    ... okay on input line 72.
LaTeX Font Info:    Checking defaults for OT1/cmr/m/n on input line 72.
LaTeX Font Info:    ... okay on input line 72.
LaTeX Font Info:    Checking defaults for T1/cmr/m/n on input line 72.
LaTeX Font Info:    ... okay on input line 72.
LaTeX Font Info:    Checking defaults for TS1/cmr/m/n on input line 72.
LaTeX Font Info:    ... okay on input line 72.
LaTeX Font Info:    Checking defaults for OMX/cmex/m/n on input line 72.
LaTeX Font Info:    ... okay on input line 72.
LaTeX Font Info:    Checking defaults for U/cmr/m/n on input line 72.
LaTeX Font Info:    ... okay on input line 72.
LaTeX Font Info:    Checking defaults for PD1/pdf/m/n on input line 72.
LaTeX Font Info:    ... okay on input line 72.

*geometry* driver: auto-detecting
*geometry* detected driver: pdftex
*geometry* verbose mode - [ preamble ] result:
* driver: pdftex
* paper: <default>
* layout: <same size as paper>
* layoutoffset:(h,v)=(0.0pt,0.0pt)
* modes: includehead includefoot twoside 
* h-part:(L,W,R)=(28.45274pt, 557.38951pt, 28.45274pt)
* v-part:(T,H,B)=(28.45274pt, 738.0645pt, 28.45274pt)
* \paperwidth=614.295pt
* \paperheight=794.96999pt
* \textwidth=557.38951pt
* \textheight=671.0645pt
* \oddsidemargin=-43.81725pt
* \evensidemargin=-43.81725pt
* \topmargin=-43.81725pt
* \headheight=12.0pt
* \headsep=25.0pt
* \topskip=12.0pt
* \footskip=30.0pt
* \marginparwidth=95.0pt
* \marginparsep=10.0pt
* \columnsep=10.0pt
* \skip\footins=10.8pt plus 4.0pt minus 2.0pt
* \hoffset=0.0pt
* \voffset=0.0pt
* \mag=1000
* \@twocolumnfalse
* \@twosidetrue
* \@mparswitchtrue
* \@reversemarginfalse
* (1in=72.27pt=25.4mm, 1cm=28.453pt)

("C:\Program Files\MiKTeX\tex/context/base/mkii\supp-pdf.mkii"
[Loading MPS to PDF converter (version 2006.09.02).]
\scratchcounter=\count323
\scratchdimen=\dimen272
\scratchbox=\box69
\nofMPsegments=\count324
\nofMParguments=\count325
\everyMPshowfont=\toks45
\MPscratchCnt=\count326
\MPscratchDim=\dimen273
\MPnumerator=\count327
\makeMPintoPDFobject=\count328
\everyMPtoPDFconversion=\toks46
) ("C:\Program Files\MiKTeX\tex/latex/epstopdf-pkg\epstopdf-base.sty"
Package: epstopdf-base 2020-01-24 v2.11 Base part for package epstopdf
Package epstopdf-base Info: Redefining graphics rule for `.eps' on input line 4
85.
)
Package caption Info: Begin \AtBeginDocument code.
Package caption Info: hyperref package is loaded.
Package caption Info: End \AtBeginDocument code.
\AtBeginShipoutBox=\box70
Package hyperref Info: Link coloring OFF on input line 72.

("C:\Program Files\MiKTeX\tex/latex/hyperref\nameref.sty"
Package: nameref 2019/09/16 v2.46 Cross-referencing by name of section

("C:\Program Files\MiKTeX\tex/latex/refcount\refcount.sty"
Package: refcount 2019/12/15 v3.6 Data extraction from label references (HO)
)
("C:\Program Files\MiKTeX\tex/generic/gettitlestring\gettitlestring.sty"
Package: gettitlestring 2019/12/15 v1.6 Cleanup title references (HO)
)
\c@section@level=\count329
)
LaTeX Info: Redefining \ref on input line 72.
LaTeX Info: Redefining \pageref on input line 72.
LaTeX Info: Redefining \nameref on input line 72.

(project_grey_matter.out) (project_grey_matter.out)
\@outlinefile=\write7
\openout7 = `project_grey_matter.out'.


ABD: EveryShipout initializing macros
("C:\Program Files\MiKTeX\tex/latex/pdflscape\pdflscape.sty"
Package: pdflscape 2019/12/05 v0.12 Display of landscape pages in PDF (HO)

("C:\Program Files\MiKTeX\tex/latex/graphics\lscape.sty"
Package: lscape 2000/10/22 v3.01 Landscape Pages (DPC)
)
Package pdflscape Info: Auto-detected driver: pdftex on input line 81.
)

Package geometry Warning: `a4paper': not available in `\newgeometry'; skipped.

*geometry* verbose mode - [ newgeometry ] result:
* driver: pdftex
* paper: <default>
* layout: <same size as paper>
* layoutoffset:(h,v)=(0.0pt,0.0pt)
* modes: twoside 
* h-part:(L,W,R)=(85.35826pt, 443.57848pt, 85.35826pt)
* v-part:(T,H,B)=(85.35826pt, 681.15898pt, 28.45274pt)
* \paperwidth=614.295pt
* \paperheight=794.96999pt
* \textwidth=443.57848pt
* \textheight=681.15898pt
* \oddsidemargin=13.08827pt
* \evensidemargin=13.08827pt
* \topmargin=-23.91173pt
* \headheight=12.0pt
* \headsep=25.0pt
* \topskip=12.0pt
* \footskip=30.0pt
* \marginparwidth=95.0pt
* \marginparsep=10.0pt
* \columnsep=10.0pt
* \skip\footins=10.8pt plus 4.0pt minus 2.0pt
* \hoffset=0.0pt
* \voffset=0.0pt
* \mag=1000
* \@twocolumnfalse
* \@twosidetrue
* \@mparswitchtrue
* \@reversemarginfalse
* (1in=72.27pt=25.4mm, 1cm=28.453pt)

Package epstopdf Info: Source file: <./images/icons/front_page_logo.eps>
(epstopdf)                    date: 2020-09-27 16:41:25
(epstopdf)                    size: 5520675 bytes
(epstopdf)             Output file: <./images/icons/front_page_logo-eps-convert
ed-to.pdf>
(epstopdf)                    date: 2020-09-28 10:15:47
(epstopdf)                    size: 1570675 bytes
(epstopdf)             Command: <epstopdf --outfile=./images/icons/front_page_l
ogo-eps-converted-to.pdf ./images/icons/front_page_logo.eps>
(epstopdf)             \includegraphics on input line 91.
Package epstopdf Info: Output file is already uptodate.


pdfTeX warning: pdflatex.exe (file ./images/icons/front_page_logo-eps-converted
-to.pdf): PDF inclusion: found PDF version <1.7>, but at most version <1.5> all
owed
<./images/icons/front_page_logo-eps-converted-to.pdf, id=263, 278.03876pt x 275
.0275pt>
File: ./images/icons/front_page_logo-eps-converted-to.pdf Graphic file (type pd
f)
<use ./images/icons/front_page_logo-eps-converted-to.pdf>
Package pdftex.def Info: ./images/icons/front_page_logo-eps-converted-to.pdf  u
sed on input line 91.
(pdftex.def)             Requested size: 221.78923pt x 219.38861pt.
LaTeX Font Info:    Trying to load font information for U+msa on input line 97.

("C:\Program Files\MiKTeX\tex/latex/amsfonts\umsa.fd"
File: umsa.fd 2013/01/14 v3.01 AMS symbols A
)
LaTeX Font Info:    Trying to load font information for U+msb on input line 97.


("C:\Program Files\MiKTeX\tex/latex/amsfonts\umsb.fd"
File: umsb.fd 2013/01/14 v3.01 AMS symbols B
) [1


{C:/Users/divya/AppData/Local/MiKTeX/pdftex/config/pdftex.map} <./images/icons/
front_page_logo-eps-converted-to.pdf>]

Package pdfpages Warning: Option `page' is unknow to \includepdf.
(pdfpages)                Did you mean `pages'? (Note the `s'!)
(pdfpages)                OK, I'll proceed as if it were `pages'.



pdfTeX warning: pdflatex.exe (file ./contributors.pdf): PDF inclusion: found PD
F version <1.7>, but at most version <1.5> allowed
<contributors.pdf, id=274, 597.55246pt x 845.07718pt>
File: contributors.pdf Graphic file (type pdf)
<use contributors.pdf>
Package pdftex.def Info: contributors.pdf  used on input line 102.
(pdftex.def)             Requested size: 597.551pt x 845.07512pt.


pdfTeX warning: pdflatex.exe (file ./contributors.pdf): PDF inclusion: found PD
F version <1.7>, but at most version <1.5> allowed
File: contributors.pdf Graphic file (type pdf)
<use contributors.pdf>
Package pdftex.def Info: contributors.pdf  used on input line 102.
(pdftex.def)             Requested size: 597.551pt x 845.07512pt.


pdfTeX warning: pdflatex.exe (file ./contributors.pdf): PDF inclusion: found PD
F version <1.7>, but at most version <1.5> allowed


pdfTeX warning: pdflatex.exe (file ./contributors.pdf): PDF inclusion: found PD
F version <1.7>, but at most version <1.5> allowed
<contributors.pdf, id=277, page=1, 597.55246pt x 845.07718pt>
File: contributors.pdf Graphic file (type pdf)
<use contributors.pdf, page 1>
Package pdftex.def Info: contributors.pdf , page1 used on input line 102.
(pdftex.def)             Requested size: 597.551pt x 845.07512pt.
File: contributors.pdf Graphic file (type pdf)
<use contributors.pdf, page 1>
Package pdftex.def Info: contributors.pdf , page1 used on input line 102.
(pdftex.def)             Requested size: 562.1644pt x 795.0303pt.
File: contributors.pdf Graphic file (type pdf)
<use contributors.pdf, page 1>
Package pdftex.def Info: contributors.pdf , page1 used on input line 102.
(pdftex.def)             Requested size: 562.1644pt x 795.0303pt.
File: contributors.pdf Graphic file (type pdf)
<use contributors.pdf, page 1>
Package pdftex.def Info: contributors.pdf , page1 used on input line 102.
(pdftex.def)             Requested size: 562.1644pt x 795.0303pt.
File: contributors.pdf Graphic file (type pdf)
<use contributors.pdf, page 1>
Package pdftex.def Info: contributors.pdf , page1 used on input line 102.
(pdftex.def)             Requested size: 562.1644pt x 795.0303pt.
[2 <./contributors.pdf>] (project_grey_matter.nls)pdfTeX warning (ext4): destin
ation with the same identifier (name{page.1}) has been already used, duplicate 
ignored
<to be read again> 
                   \relax 
l.117 \chapter
              {Introduction to Statistics and Measures used in Descriptive S...
[1

]
Chapter 1.
pdfTeX warning (ext4): destination with the same identifier (name{page.2}) has 
been already used, duplicate ignored
<to be read again> 
                   \relax 
l.164 \noindent
                [2

] [3] [4]
Underfull \hbox (badness 10000) in paragraph at lines 252--261

 []


Underfull \hbox (badness 10000) in paragraph at lines 268--271

 []

[5]
Underfull \hbox (badness 10000) in paragraph at lines 305--307

 []

[6] [7]
Chapter 2.

Underfull \hbox (badness 10000) in paragraph at lines 319--338

 []


Underfull \hbox (badness 10000) in paragraph at lines 319--338

 []


Underfull \hbox (badness 10000) in paragraph at lines 339--345

 []

[8

]
Underfull \hbox (badness 10000) in paragraph at lines 359--361

 []


Underfull \hbox (badness 10000) in paragraph at lines 372--380

 []


Underfull \hbox (badness 10000) in paragraph at lines 372--380

 []

Package epstopdf Info: Source file: <./images/box_whisker_plot.eps>
(epstopdf)                    date: 2020-09-29 20:10:36
(epstopdf)                    size: 31422 bytes
(epstopdf)             Output file: <./images/box_whisker_plot-eps-converted-to
.pdf>
(epstopdf)                    date: 2020-10-11 23:46:08
(epstopdf)                    size: 12531 bytes
(epstopdf)             Command: <epstopdf --outfile=./images/box_whisker_plot-e
ps-converted-to.pdf ./images/box_whisker_plot.eps>
(epstopdf)             \includegraphics on input line 401.
Package epstopdf Info: Output file is already uptodate.


pdfTeX warning: pdflatex.exe (file ./images/box_whisker_plot-eps-converted-to.p
df): PDF inclusion: found PDF version <1.7>, but at most version <1.5> allowed
<./images/box_whisker_plot-eps-converted-to.pdf, id=348, 572.1375pt x 173.64874
pt>
File: ./images/box_whisker_plot-eps-converted-to.pdf Graphic file (type pdf)
<use ./images/box_whisker_plot-eps-converted-to.pdf>
Package pdftex.def Info: ./images/box_whisker_plot-eps-converted-to.pdf  used o
n input line 401.
(pdftex.def)             Requested size: 263.04578pt x 79.83699pt.
[9] [10 <./images/box_whisker_plot-eps-converted-to.pdf>]
<./images/histogram_example.pdf, id=370, 388.54225pt x 286.41002pt>
File: ./images/histogram_example.pdf Graphic file (type pdf)
<use ./images/histogram_example.pdf>
Package pdftex.def Info: ./images/histogram_example.pdf  used on input line 424
.
(pdftex.def)             Requested size: 278.69475pt x 205.4415pt.
 [11 <./images/histogram_example.pdf>]
<./images/bargraph_example.pdf, id=412, 392.36902pt x 312.85367pt>
File: ./images/bargraph_example.pdf Graphic file (type pdf)
<use ./images/bargraph_example.pdf>
Package pdftex.def Info: ./images/bargraph_example.pdf  used on input line 438.

(pdftex.def)             Requested size: 278.69475pt x 222.22789pt.
 [12 <./images/bargraph_example.pdf>]
<./images/linegraph_example.pdf, id=460, 433.62pt x 289.08pt>
File: ./images/linegraph_example.pdf Graphic file (type pdf)
<use ./images/linegraph_example.pdf>
Package pdftex.def Info: ./images/linegraph_example.pdf  used on input line 461
.
(pdftex.def)             Requested size: 278.69475pt x 185.80453pt.
<./images/linegraph_multivariate_example.pdf, id=461, 389.18526pt x 300.15244pt
>
File: ./images/linegraph_multivariate_example.pdf Graphic file (type pdf)
<use ./images/linegraph_multivariate_example.pdf>
Package pdftex.def Info: ./images/linegraph_multivariate_example.pdf  used on i
nput line 467.
(pdftex.def)             Requested size: 167.21855pt x 128.96684pt.
<./images/run_sequence_example.pdf, id=462, 398.75224pt x 284.3895pt>
File: ./images/run_sequence_example.pdf Graphic file (type pdf)
<use ./images/run_sequence_example.pdf>
Package pdftex.def Info: ./images/run_sequence_example.pdf  used on input line 
472.
(pdftex.def)             Requested size: 167.21855pt x 119.25616pt.
 [13 <./images/linegraph_example.pdf> <./images/linegraph_multivariate_example.
pdf

pdfTeX warning: pdflatex.exe (file ./images/linegraph_multivariate_example.pdf)
: PDF inclusion: multiple pdfs with page group included in a single page
> <./images/run_sequence_example.pdf

pdfTeX warning: pdflatex.exe (file ./images/run_sequence_example.pdf): PDF incl
usion: multiple pdfs with page group included in a single page
>]
<./images/piechart_example.pdf, id=570, 544.37668pt x 524.63068pt>
File: ./images/piechart_example.pdf Graphic file (type pdf)
<use ./images/piechart_example.pdf>
Package pdftex.def Info: ./images/piechart_example.pdf  used on input line 493.

(pdftex.def)             Requested size: 278.69475pt x 268.58276pt.
 [14 <./images/piechart_example.pdf>] [15]
<./images/scatterplot_strong_positive_example.pdf, id=627, 392.36902pt x 265.12
738pt>
File: ./images/scatterplot_strong_positive_example.pdf Graphic file (type pdf)
<use ./images/scatterplot_strong_positive_example.pdf>
Package pdftex.def Info: ./images/scatterplot_strong_positive_example.pdf  used
 on input line 557.
(pdftex.def)             Requested size: 139.34737pt x 94.1593pt.
<./images/scatterplot_weak_positive_example.pdf, id=628, 400.77544pt x 265.1273
8pt>
File: ./images/scatterplot_weak_positive_example.pdf Graphic file (type pdf)
<use ./images/scatterplot_weak_positive_example.pdf>
Package pdftex.def Info: ./images/scatterplot_weak_positive_example.pdf  used o
n input line 562.
(pdftex.def)             Requested size: 139.34737pt x 92.18509pt.
<./images/scatterplot_strong_negitive_example.pdf, id=629, 400.77544pt x 265.12
738pt>
File: ./images/scatterplot_strong_negitive_example.pdf Graphic file (type pdf)
<use ./images/scatterplot_strong_negitive_example.pdf>
Package pdftex.def Info: ./images/scatterplot_strong_negitive_example.pdf  used
 on input line 568.
(pdftex.def)             Requested size: 139.34737pt x 92.18509pt.
<./images/scatterplot_weak_negitive_example.pdf, id=630, 400.77544pt x 267.5788
7pt>
File: ./images/scatterplot_weak_negitive_example.pdf Graphic file (type pdf)
<use ./images/scatterplot_weak_negitive_example.pdf>
Package pdftex.def Info: ./images/scatterplot_weak_negitive_example.pdf  used o
n input line 573.
(pdftex.def)             Requested size: 139.34737pt x 93.03748pt.
 [16 <./images/scatterplot_strong_positive_example.pdf> <./images/scatterplot_w
eak_positive_example.pdf

pdfTeX warning: pdflatex.exe (file ./images/scatterplot_weak_positive_example.p
df): PDF inclusion: multiple pdfs with page group included in a single page
> <./images/scatterplot_strong_negitive_example.pdf

pdfTeX warning: pdflatex.exe (file ./images/scatterplot_strong_negitive_example
.pdf): PDF inclusion: multiple pdfs with page group included in a single page
> <./images/scatterplot_weak_negitive_example.pdf

pdfTeX warning: pdflatex.exe (file ./images/scatterplot_weak_negitive_example.p
df): PDF inclusion: multiple pdfs with page group included in a single page
>]
<./images/heatmap_example.pdf, id=703, 410.08563pt x 363.3851pt>
File: ./images/heatmap_example.pdf Graphic file (type pdf)
<use ./images/heatmap_example.pdf>
Package pdftex.def Info: ./images/heatmap_example.pdf  used on input line 596.
(pdftex.def)             Requested size: 278.69475pt x 246.96552pt.

Underfull \hbox (badness 10000) in paragraph at lines 606--610

 []


Overfull \hbox (8.9307pt too wide) in paragraph at lines 627--636
 [][] 
 []

<./images/paretochart_example.pdf, id=705, 418.54494pt x 413.77649pt>
File: ./images/paretochart_example.pdf Graphic file (type pdf)
<use ./images/paretochart_example.pdf>
Package pdftex.def Info: ./images/paretochart_example.pdf  used on input line 6
43.
(pdftex.def)             Requested size: 263.04578pt x 260.0555pt.
[17 <./images/heatmap_example.pdf>] [18 <./images/paretochart_example.pdf>]
Chapter 3.
[19

]
LaTeX Font Info:    Trying to load font information for OMS+cmr on input line 7
18.
 ("C:\Program Files\MiKTeX\tex/latex/base\omscmr.fd"
File: omscmr.fd 2019/12/16 v2.5j Standard LaTeX font definitions
)
LaTeX Font Info:    Font shape `OMS/cmr/m/n' in size <12> not available
(Font)              Font shape `OMS/cmsy/m/n' tried instead on input line 718.

Underfull \hbox (badness 10000) in paragraph at lines 709--722

 []


Underfull \hbox (badness 10000) in paragraph at lines 709--722

 []


Underfull \hbox (badness 10000) in paragraph at lines 709--722

 []


Underfull \hbox (badness 10000) in paragraph at lines 709--722

 []


Underfull \hbox (badness 10000) in paragraph at lines 706--736

 []

[20]
Underfull \hbox (badness 10000) in paragraph at lines 748--760

 []


Underfull \hbox (badness 10000) in paragraph at lines 769--771

 []


Underfull \hbox (badness 10000) in paragraph at lines 785--789

 []


Underfull \hbox (badness 10000) in paragraph at lines 790--792

 []

[21]
Underfull \hbox (badness 10000) in paragraph at lines 797--801

 []


Underfull \hbox (badness 10000) in paragraph at lines 802--804

 []


Underfull \hbox (badness 10000) in paragraph at lines 812--821

 []


Underfull \hbox (badness 10000) in paragraph at lines 812--821

 []


Underfull \hbox (badness 10000) in paragraph at lines 809--821

 []


Underfull \hbox (badness 10000) in paragraph at lines 822--824

 []

[22]
Underfull \hbox (badness 10000) in paragraph at lines 835--839

 []

<./images/figure_venn2.pdf, id=838, 307.547pt x 233.74759pt>
File: ./images/figure_venn2.pdf Graphic file (type pdf)
<use ./images/figure_venn2.pdf>
Package pdftex.def Info: ./images/figure_venn2.pdf  used on input line 850.
(pdftex.def)             Requested size: 263.04578pt x 199.93115pt.
[23 <./images/figure_venn2.pdf>]
Underfull \hbox (badness 10000) in paragraph at lines 860--864

 []

[24]
Underfull \hbox (badness 10000) in paragraph at lines 891--895

 []


Underfull \hbox (badness 10000) in paragraph at lines 896--898

 []


Underfull \hbox (badness 10000) in paragraph at lines 913--916

 []


Underfull \hbox (badness 10000) in paragraph at lines 913--916

 []


Underfull \hbox (badness 10000) in paragraph at lines 920--922

 []

[25]
Underfull \hbox (badness 10000) in paragraph at lines 943--945

 []


Underfull \hbox (badness 10000) in paragraph at lines 953--961

 []

[26]
Underfull \hbox (badness 10000) in paragraph at lines 962--964

 []


Underfull \hbox (badness 10000) in paragraph at lines 969--971

 []


Underfull \hbox (badness 10000) in paragraph at lines 973--980

 []


Underfull \hbox (badness 10000) in paragraph at lines 973--980

 []


Underfull \hbox (badness 10000) in paragraph at lines 984--995

 []


Underfull \hbox (badness 10000) in paragraph at lines 984--995

 []


Underfull \hbox (badness 10000) in paragraph at lines 984--995

 []

[27]
Underfull \hbox (badness 10000) in paragraph at lines 997--1003

 []

[28]
Chapter 4.

Underfull \hbox (badness 10000) in paragraph at lines 1014--1019

 []


Underfull \hbox (badness 10000) in paragraph at lines 1020--1024

 []


Underfull \hbox (badness 10000) in paragraph at lines 1020--1024

 []


Underfull \hbox (badness 10000) in paragraph at lines 1025--1027

 []


Underfull \hbox (badness 10000) in paragraph at lines 1028--1033

 []

[29

]
Underfull \hbox (badness 10000) in paragraph at lines 1080--1104

 []

[30]
<./images/probabilitymassfunction_example.pdf, id=908, 396.32861pt x 266.7784pt
>
File: ./images/probabilitymassfunction_example.pdf Graphic file (type pdf)
<use ./images/probabilitymassfunction_example.pdf>
Package pdftex.def Info: ./images/probabilitymassfunction_example.pdf  used on 
input line 1115.
(pdftex.def)             Requested size: 263.04578pt x 177.06754pt.
 [31 <./images/probabilitymassfunction_example.pdf>]
<./images/figure_probabilitydensityfunction_example.pdf, id=934, 426.70314pt x 
263.55293pt>
File: ./images/figure_probabilitydensityfunction_example.pdf Graphic file (type
 pdf)
<use ./images/figure_probabilitydensityfunction_example.pdf>
Package pdftex.def Info: ./images/figure_probabilitydensityfunction_example.pdf
  used on input line 1132.
(pdftex.def)             Requested size: 263.04578pt x 162.47215pt.

Underfull \hbox (badness 10000) in paragraph at lines 1125--1137

 []


Underfull \hbox (badness 10000) in paragraph at lines 1138--1144

 []


LaTeX Warning: Command \textless invalid in math mode on input line 1155.

LaTeX Font Info:    Trying to load font information for OML+cmr on input line 1
155.
("C:\Program Files\MiKTeX\tex/latex/base\omlcmr.fd"
File: omlcmr.fd 2019/12/16 v2.5j Standard LaTeX font definitions
)
LaTeX Font Info:    Font shape `OML/cmr/m/n' in size <12> not available
(Font)              Font shape `OML/cmm/m/it' tried instead on input line 1155.



LaTeX Warning: Command \textless invalid in math mode on input line 1155.

<./images/cumulativedistributionfunction_dicrete_example.pdf, id=935, 386.32857
pt x 263.30615pt>
File: ./images/cumulativedistributionfunction_dicrete_example.pdf Graphic file 
(type pdf)
<use ./images/cumulativedistributionfunction_dicrete_example.pdf>
Package pdftex.def Info: ./images/cumulativedistributionfunction_dicrete_exampl
e.pdf  used on input line 1178.
(pdftex.def)             Requested size: 157.82907pt x 107.57051pt.
<./images/figure_probabilitymassfunction_example.pdf, id=936, 396.32861pt x 266
.7784pt>
File: ./images/figure_probabilitymassfunction_example.pdf Graphic file (type pd
f)
<use ./images/figure_probabilitymassfunction_example.pdf>
Package pdftex.def Info: ./images/figure_probabilitymassfunction_example.pdf  u
sed on input line 1182.
(pdftex.def)             Requested size: 157.82907pt x 106.24133pt.
[32 <./images/figure_probabilitydensityfunction_example.pdf>] [33 <./images/cum
ulativedistributionfunction_dicrete_example.pdf> <./images/figure_probabilityma
ssfunction_example.pdf

pdfTeX warning: pdflatex.exe (file ./images/figure_probabilitymassfunction_exam
ple.pdf): PDF inclusion: multiple pdfs with page group included in a single pag
e
>]
File: ./images/figure_probabilitydensityfunction_example.pdf Graphic file (type
 pdf)
<use ./images/figure_probabilitydensityfunction_example.pdf>
Package pdftex.def Info: ./images/figure_probabilitydensityfunction_example.pdf
  used on input line 1210.
(pdftex.def)             Requested size: 157.82907pt x 97.4849pt.
<./images/figure_cumulativedistributionfunction_density_example.pdf, id=996, 42
3.03648pt x 263.55293pt>
File: ./images/figure_cumulativedistributionfunction_density_example.pdf Graphi
c file (type pdf)
<use ./images/figure_cumulativedistributionfunction_density_example.pdf>
Package pdftex.def Info: ./images/figure_cumulativedistributionfunction_density
_example.pdf  used on input line 1213.
(pdftex.def)             Requested size: 157.82907pt x 98.3254pt.

Underfull \hbox (badness 10000) in paragraph at lines 1203--1217

 []


Underfull \hbox (badness 10000) in paragraph at lines 1222--1226

 []

[34 <./images/figure_cumulativedistributionfunction_density_example.pdf>]
Underfull \hbox (badness 10000) in paragraph at lines 1248--1254

 []

[35]
Underfull \hbox (badness 10000) in paragraph at lines 1260--1264

 []

<./images/bernoulli_example.pdf, id=1026, 389.18526pt x 265.12738pt>
File: ./images/bernoulli_example.pdf Graphic file (type pdf)
<use ./images/bernoulli_example.pdf>
Package pdftex.def Info: ./images/bernoulli_example.pdf  used on input line 127
1.
(pdftex.def)             Requested size: 263.04578pt x 179.20811pt.
[36 <./images/bernoulli_example.pdf>]
Underfull \hbox (badness 10000) in paragraph at lines 1295--1299

 []

<./images/binomial_example.pdf, id=1052, 391.32858pt x 263.30615pt>
File: ./images/binomial_example.pdf Graphic file (type pdf)
<use ./images/binomial_example.pdf>
Package pdftex.def Info: ./images/binomial_example.pdf  used on input line 1313
.
(pdftex.def)             Requested size: 263.04578pt x 176.99677pt.

Underfull \hbox (badness 10000) in paragraph at lines 1319--1321

 []

<./images/binomial_example_n.pdf, id=1053, 391.32858pt x 293.63203pt>
File: ./images/binomial_example_n.pdf Graphic file (type pdf)
<use ./images/binomial_example_n.pdf>
Package pdftex.def Info: ./images/binomial_example_n.pdf  used on input line 13
25.
(pdftex.def)             Requested size: 167.21855pt x 125.47523pt.
<./images/binomial_example_p.pdf, id=1054, 391.32858pt x 293.63203pt>
File: ./images/binomial_example_p.pdf Graphic file (type pdf)
<use ./images/binomial_example_p.pdf>
Package pdftex.def Info: ./images/binomial_example_p.pdf  used on input line 13
29.
(pdftex.def)             Requested size: 167.21855pt x 125.47523pt.

Underfull \vbox (badness 10000) has occurred while \output is active []

 [37 <./images/binomial_example.pdf>]
Underfull \hbox (badness 10000) in paragraph at lines 1342--1350

 []


Underfull \hbox (badness 10000) in paragraph at lines 1342--1350

 []

[38 <./images/binomial_example_n.pdf> <./images/binomial_example_p.pdf

pdfTeX warning: pdflatex.exe (file ./images/binomial_example_p.pdf): PDF inclus
ion: multiple pdfs with page group included in a single page
>]
Underfull \hbox (badness 10000) in paragraph at lines 1366--1370

 []

<./images/poission_example.pdf, id=1105, 391.32858pt x 263.30615pt>
File: ./images/poission_example.pdf Graphic file (type pdf)
<use ./images/poission_example.pdf>
Package pdftex.def Info: ./images/poission_example.pdf  used on input line 1378
.
(pdftex.def)             Requested size: 263.04578pt x 176.99677pt.
[39 <./images/poission_example.pdf>]
<./images/poission_example_u.pdf, id=1122, 391.32858pt x 293.63203pt>
File: ./images/poission_example_u.pdf Graphic file (type pdf)
<use ./images/poission_example_u.pdf>
Package pdftex.def Info: ./images/poission_example_u.pdf  used on input line 13
90.
(pdftex.def)             Requested size: 278.69475pt x 209.12538pt.

Underfull \hbox (badness 10000) in paragraph at lines 1399--1406

 []

[40 <./images/poission_example_u.pdf>] [41]
<./images/exponentail_example.pdf, id=1146, 396.32861pt x 263.30615pt>
File: ./images/exponentail_example.pdf Graphic file (type pdf)
<use ./images/exponentail_example.pdf>
Package pdftex.def Info: ./images/exponentail_example.pdf  used on input line 1
452.
(pdftex.def)             Requested size: 157.82907pt x 104.85855pt.

Underfull \hbox (badness 10000) in paragraph at lines 1453--1453
[]\OT1/cmr/bx/n/10.95 (a) |Prob-a-bil-ity Den-sity
 []


Underfull \hbox (badness 10000) in paragraph at lines 1453--1453
\OT1/cmr/bx/n/10.95 Func-tion for Ex-po-nen-tial
 []

<./images/exponentail_example_cdf.pdf, id=1147, 386.32857pt x 263.30615pt>
File: ./images/exponentail_example_cdf.pdf Graphic file (type pdf)
<use ./images/exponentail_example_cdf.pdf>
Package pdftex.def Info: ./images/exponentail_example_cdf.pdf  used on input li
ne 1456.
(pdftex.def)             Requested size: 157.82907pt x 107.57051pt.

Underfull \hbox (badness 10000) in paragraph at lines 1457--1457
\OT1/cmr/bx/n/10.95 Func-tion for Ex-po-nen-tial
 []


Underfull \hbox (badness 10000) in paragraph at lines 1426--1463

 []

[42 <./images/exponentail_example.pdf> <./images/exponentail_example_cdf.pdf

pdfTeX warning: pdflatex.exe (file ./images/exponentail_example_cdf.pdf): PDF i
nclusion: multiple pdfs with page group included in a single page
>]
<./images/exponentail_example_mu.pdf, id=1187, 386.32857pt x 293.63203pt>
File: ./images/exponentail_example_mu.pdf Graphic file (type pdf)
<use ./images/exponentail_example_mu.pdf>
Package pdftex.def Info: ./images/exponentail_example_mu.pdf  used on input lin
e 1471.
(pdftex.def)             Requested size: 167.21855pt x 127.09715pt.
<./images/exponentail_example_cdf_mu.pdf, id=1188, 386.32857pt x 293.63203pt>
File: ./images/exponentail_example_cdf_mu.pdf Graphic file (type pdf)
<use ./images/exponentail_example_cdf_mu.pdf>
Package pdftex.def Info: ./images/exponentail_example_cdf_mu.pdf  used on input
 line 1475.
(pdftex.def)             Requested size: 167.21855pt x 127.09715pt.
<./images/geometric_example.pdf, id=1190, 396.32861pt x 263.30615pt>
File: ./images/geometric_example.pdf Graphic file (type pdf)
<use ./images/geometric_example.pdf>
Package pdftex.def Info: ./images/geometric_example.pdf  used on input line 150
9.
(pdftex.def)             Requested size: 263.04578pt x 174.76291pt.

Underfull \hbox (badness 10000) in paragraph at lines 1494--1514

 []


Underfull \vbox (badness 6675) has occurred while \output is active []

 [43 <./images/exponentail_example_mu.pdf> <./images/exponentail_example_cdf_mu
.pdf

pdfTeX warning: pdflatex.exe (file ./images/exponentail_example_cdf_mu.pdf): PD
F inclusion: multiple pdfs with page group included in a single page
>]
<./images/geometric_example_p.pdf, id=1230, 386.32857pt x 293.63203pt>
File: ./images/geometric_example_p.pdf Graphic file (type pdf)
<use ./images/geometric_example_p.pdf>
Package pdftex.def Info: ./images/geometric_example_p.pdf  used on input line 1
519.
(pdftex.def)             Requested size: 278.69475pt x 211.83159pt.

Underfull \hbox (badness 10000) in paragraph at lines 1515--1522

 []


Underfull \vbox (badness 10000) has occurred while \output is active []

 [44 <./images/geometric_example.pdf>]
Underfull \hbox (badness 10000) in paragraph at lines 1536--1540

 []


Underfull \hbox (badness 10000) in paragraph at lines 1532--1545

 []

File: ./images/figure_probabilitydensityfunction_example.pdf Graphic file (type
 pdf)
<use ./images/figure_probabilitydensityfunction_example.pdf>
Package pdftex.def Info: ./images/figure_probabilitydensityfunction_example.pdf
  used on input line 1560.
(pdftex.def)             Requested size: 278.69475pt x 172.13982pt.

Underfull \hbox (badness 10000) in paragraph at lines 1549--1563

 []


Underfull \hbox (badness 10000) in paragraph at lines 1549--1563

 []


Underfull \hbox (badness 10000) in paragraph at lines 1549--1563

 []


Underfull \hbox (badness 10000) in paragraph at lines 1549--1563

 []

[45 <./images/geometric_example_p.pdf>]
Underfull \hbox (badness 10000) in paragraph at lines 1564--1569

 []


Underfull \hbox (badness 10000) in paragraph at lines 1574--1578

 []


Underfull \hbox (badness 10000) in paragraph at lines 1569--1581

 []


Underfull \vbox (badness 10000) has occurred while \output is active []

 [46]
<./images/normal_example_d.pdf, id=1283, 395.56848pt x 295.82202pt>
File: ./images/normal_example_d.pdf Graphic file (type pdf)
<use ./images/normal_example_d.pdf>
Package pdftex.def Info: ./images/normal_example_d.pdf  used on input line 1591
.
(pdftex.def)             Requested size: 167.21855pt x 125.05237pt.

Underfull \hbox (badness 1681) in paragraph at lines 1592--1592
[]\OT1/cmr/bx/n/10.95 (a) |Ef-fect of $\OML/cmm/m/it/10.95 $ \OT1/cmr/bx/n/10.
95 on Nor-mal
 []

<./images/normal_example_m.pdf, id=1284, 395.56848pt x 296.48857pt>
File: ./images/normal_example_m.pdf Graphic file (type pdf)
<use ./images/normal_example_m.pdf>
Package pdftex.def Info: ./images/normal_example_m.pdf  used on input line 1595
.
(pdftex.def)             Requested size: 167.21855pt x 125.33415pt.

Underfull \hbox (badness 10000) in paragraph at lines 1602--1607

 []


Underfull \hbox (badness 10000) in paragraph at lines 1602--1607

 []

<./images/normal_left.png, id=1286, 912.62556pt x 333.30923pt>
File: ./images/normal_left.png Graphic file (type png)
<use ./images/normal_left.png>
Package pdftex.def Info: ./images/normal_left.png  used on input line 1614.
(pdftex.def)             Requested size: 167.21855pt x 61.07127pt.

Underfull \hbox (badness 10000) in paragraph at lines 1615--1615
[]\OT1/cmr/bx/n/10.95 (a) |Right Skewed(Positive
 []


Underfull \hbox (badness 6559) in paragraph at lines 1615--1615
\OT1/cmr/bx/n/10.95 Skew) Nor-mal Dis-tri-bu-tion
 []

<./images/normal_right.png, id=1288, 912.62556pt x 333.30923pt>
File: ./images/normal_right.png Graphic file (type png)
<use ./images/normal_right.png>
Package pdftex.def Info: ./images/normal_right.png  used on input line 1618.
(pdftex.def)             Requested size: 167.21855pt x 61.07127pt.

Underfull \hbox (badness 10000) in paragraph at lines 1619--1619
[]\OT1/cmr/bx/n/10.95 (b) |Left Skewed(Negitive
 []


Underfull \hbox (badness 6559) in paragraph at lines 1619--1619
\OT1/cmr/bx/n/10.95 Skew) Nor-mal Dis-tri-bu-tion
 []

[47 <./images/normal_example_d.pdf> <./images/normal_example_m.pdf

pdfTeX warning: pdflatex.exe (file ./images/normal_example_m.pdf): PDF inclusio
n: multiple pdfs with page group included in a single page
>]
Underfull \hbox (badness 10000) in paragraph at lines 1623--1631

 []


Underfull \hbox (badness 10000) in paragraph at lines 1623--1631

 []


Underfull \hbox (badness 10000) in paragraph at lines 1631--1638

 []


Underfull \hbox (badness 10000) in paragraph at lines 1631--1638

 []


Underfull \hbox (badness 10000) in paragraph at lines 1638--1644

 []


Underfull \hbox (badness 10000) in paragraph at lines 1644--1648

 []

<./images/kurtosis.png, id=1365, 603.02087pt x 460.93806pt>
File: ./images/kurtosis.png Graphic file (type png)
<use ./images/kurtosis.png>
Package pdftex.def Info: ./images/kurtosis.png  used on input line 1653.
(pdftex.def)             Requested size: 278.69475pt x 213.0328pt.

Underfull \hbox (badness 10000) in paragraph at lines 1648--1656

 []


Underfull \hbox (badness 10000) in paragraph at lines 1648--1656

 []

[48 <./images/normal_left.png> <./images/normal_right.png>]
Underfull \hbox (badness 10000) in paragraph at lines 1657--1662

 []

[49 <./images/kurtosis.png>]
<./images/normal_example_z.pdf, id=1381, 437.428pt x 265.12738pt>
File: ./images/normal_example_z.pdf Graphic file (type pdf)
<use ./images/normal_example_z.pdf>
Package pdftex.def Info: ./images/normal_example_z.pdf  used on input line 1674
.
(pdftex.def)             Requested size: 278.69475pt x 168.92442pt.

Underfull \hbox (badness 10000) in paragraph at lines 1668--1677

 []

[50 <./images/normal_example_z.pdf>]
Package atveryend Info: Empty hook `BeforeClearDocument' on input line 1679.
Package atveryend Info: Empty hook `AfterLastShipout' on input line 1679.
 (project_grey_matter.aux)
Package atveryend Info: Executing hook `AtVeryEndDocument' on input line 1679.
Package atveryend Info: Executing hook `AtEndAfterFileList' on input line 1679.

Package rerunfilecheck Info: File `project_grey_matter.out' has not changed.
(rerunfilecheck)             Checksum: F51CE127F60A618F4E190885CE0BF987;4523.
 ) 
Here is how much of TeX's memory you used:
 22089 strings out of 481212
 402362 string characters out of 2915728
 724821 words of memory out of 3000000
 37028 multiletter control sequences out of 15000+200000
 551519 words of font info for 89 fonts, out of 3000000 for 9000
 1141 hyphenation exceptions out of 8191
 63i,18n,96p,1058b,765s stack positions out of 5000i,500n,10000p,200000b,50000s
 <C:\Users\divya\AppData\Local\MiKTeX\fonts/pk/ljfour/jknappen/ec/dpi600\tcrm
1200.pk><C:/Program Files/MiKTeX/fonts/type1/public/amsfonts/cm/cmbsy10.pfb><C:
/Program Files/MiKTeX/fonts/type1/public/amsfonts/cm/cmbx10.pfb><C:/Program Fil
es/MiKTeX/fonts/type1/public/amsfonts/cm/cmbx12.pfb><C:/Program Files/MiKTeX/fo
nts/type1/public/amsfonts/cm/cmbx8.pfb><C:/Program Files/MiKTeX/fonts/type1/pub
lic/amsfonts/cm/cmbxti10.pfb><C:/Program Files/MiKTeX/fonts/type1/public/amsfon
ts/cm/cmcsc10.pfb><C:/Program Files/MiKTeX/fonts/type1/public/amsfonts/cm/cmex1
0.pfb><C:/Program Files/MiKTeX/fonts/type1/public/amsfonts/cmextra/cmex8.pfb><C
:/Program Files/MiKTeX/fonts/type1/public/amsfonts/cm/cmmi10.pfb><C:/Program Fi
les/MiKTeX/fonts/type1/public/amsfonts/cm/cmmi12.pfb><C:/Program Files/MiKTeX/f
onts/type1/public/amsfonts/cm/cmmi6.pfb><C:/Program Files/MiKTeX/fonts/type1/pu
blic/amsfonts/cm/cmmi8.pfb><C:/Program Files/MiKTeX/fonts/type1/public/amsfonts
/cm/cmmib10.pfb><C:/Program Files/MiKTeX/fonts/type1/public/amsfonts/cmextra/cm
mib8.pfb><C:/Program Files/MiKTeX/fonts/type1/public/amsfonts/cm/cmr10.pfb><C:/
Program Files/MiKTeX/fonts/type1/public/amsfonts/cm/cmr12.pfb><C:/Program Files
/MiKTeX/fonts/type1/public/amsfonts/cm/cmr6.pfb><C:/Program Files/MiKTeX/fonts/
type1/public/amsfonts/cm/cmr8.pfb><C:/Program Files/MiKTeX/fonts/type1/public/a
msfonts/cm/cmss10.pfb><C:/Program Files/MiKTeX/fonts/type1/public/amsfonts/cm/c
mss12.pfb><C:/Program Files/MiKTeX/fonts/type1/public/amsfonts/cm/cmsy10.pfb><C
:/Program Files/MiKTeX/fonts/type1/public/amsfonts/cm/cmsy6.pfb><C:/Program Fil
es/MiKTeX/fonts/type1/public/amsfonts/cm/cmsy8.pfb>
Output written on project_grey_matter.pdf (52 pages, 3216149 bytes).
PDF statistics:
 1523 PDF objects out of 1728 (max. 8388607)
 164 named destinations out of 1000 (max. 500000)
 735 words of extra memory for PDF output out of 10000 (max. 10000000)

