\BOOKMARK [0][-]{chapter.1}{Introduction to Statistics and Measures used in Descriptive Statistics}{}% 1
\BOOKMARK [1][-]{section.1.1}{Measure of Central Tendency}{chapter.1}% 2
\BOOKMARK [2][-]{subsection.1.1.1}{Mean}{section.1.1}% 3
\BOOKMARK [2][-]{subsection.1.1.2}{Median}{section.1.1}% 4
\BOOKMARK [2][-]{subsection.1.1.3}{Mode}{section.1.1}% 5
\BOOKMARK [1][-]{section.1.2}{Measure of Dispersion}{chapter.1}% 6
\BOOKMARK [2][-]{subsection.1.2.1}{Range}{section.1.2}% 7
\BOOKMARK [2][-]{subsection.1.2.2}{Quartiles and Inter-Quartile Range}{section.1.2}% 8
\BOOKMARK [2][-]{subsection.1.2.3}{Variance}{section.1.2}% 9
\BOOKMARK [2][-]{subsection.1.2.4}{Standard Deviation}{section.1.2}% 10
\BOOKMARK [2][-]{subsection.1.2.5}{Coefficient of Variation or Relative Standard Deviation}{section.1.2}% 11
\BOOKMARK [1][-]{section.1.3}{Measure of Position}{chapter.1}% 12
\BOOKMARK [2][-]{subsection.1.3.1}{Percentile}{section.1.3}% 13
\BOOKMARK [2][-]{subsection.1.3.2}{Quartile}{section.1.3}% 14
\BOOKMARK [2][-]{subsection.1.3.3}{Standard Score}{section.1.3}% 15
\BOOKMARK [0][-]{chapter.2}{Exploratory Data Analysis}{}% 16
\BOOKMARK [1][-]{section.2.1}{Box and Whisker Plot}{chapter.2}% 17
\BOOKMARK [1][-]{section.2.2}{Histogram}{chapter.2}% 18
\BOOKMARK [1][-]{section.2.3}{Bar Graph}{chapter.2}% 19
\BOOKMARK [1][-]{section.2.4}{Line Graphs}{chapter.2}% 20
\BOOKMARK [1][-]{section.2.5}{Pie Chart}{chapter.2}% 21
\BOOKMARK [1][-]{section.2.6}{Scatter Plot}{chapter.2}% 22
\BOOKMARK [2][-]{subsection.2.6.1}{What is Covariance ?}{section.2.6}% 23
\BOOKMARK [2][-]{subsection.2.6.2}{What is Correlation ?}{section.2.6}% 24
\BOOKMARK [2][-]{subsection.2.6.3}{What are Scatter Plots?}{section.2.6}% 25
\BOOKMARK [1][-]{section.2.7}{Heat Map}{chapter.2}% 26
\BOOKMARK [1][-]{section.2.8}{Pareto Chart}{chapter.2}% 27
\BOOKMARK [0][-]{chapter.3}{Probability}{}% 28
\BOOKMARK [1][-]{section.3.1}{What is Probability ?}{chapter.3}% 29
\BOOKMARK [1][-]{section.3.2}{Basic Terminology of Probability}{chapter.3}% 30
\BOOKMARK [2][-]{subsection.3.2.1}{Probability Experiment}{section.3.2}% 31
\BOOKMARK [2][-]{subsection.3.2.2}{Outcomes}{section.3.2}% 32
\BOOKMARK [2][-]{subsection.3.2.3}{Sample Space}{section.3.2}% 33
\BOOKMARK [2][-]{subsection.3.2.4}{Events}{section.3.2}% 34
\BOOKMARK [1][-]{section.3.3}{Union and Intersection of Events}{chapter.3}% 35
\BOOKMARK [1][-]{section.3.4}{Types of Events}{chapter.3}% 36
\BOOKMARK [2][-]{subsection.3.4.1}{Mutually Exclusive Events}{section.3.4}% 37
\BOOKMARK [2][-]{subsection.3.4.2}{Non Mutually Exclusive Events}{section.3.4}% 38
\BOOKMARK [2][-]{subsection.3.4.3}{Independent Events}{section.3.4}% 39
\BOOKMARK [2][-]{subsection.3.4.4}{Dependent Events}{section.3.4}% 40
\BOOKMARK [1][-]{section.3.5}{Rules of Probability}{chapter.3}% 41
\BOOKMARK [1][-]{section.3.6}{Types of Probability}{chapter.3}% 42
\BOOKMARK [2][-]{subsection.3.6.1}{Marginal Probability}{section.3.6}% 43
\BOOKMARK [2][-]{subsection.3.6.2}{Joint Probability}{section.3.6}% 44
\BOOKMARK [2][-]{subsection.3.6.3}{Conditional Probability}{section.3.6}% 45
\BOOKMARK [1][-]{section.3.7}{Odds and Log of Odds}{chapter.3}% 46
\BOOKMARK [2][-]{subsection.3.7.1}{Odds}{section.3.7}% 47
\BOOKMARK [2][-]{subsection.3.7.2}{Log of Odds}{section.3.7}% 48
\BOOKMARK [1][-]{section.3.8}{Baye's Theorem}{chapter.3}% 49
\BOOKMARK [0][-]{chapter.4}{Probability Distribution}{}% 50
\BOOKMARK [1][-]{section.4.1}{Types of Probability Distribution Functions}{chapter.4}% 51
\BOOKMARK [2][-]{subsection.4.1.1}{Probability Mass Function}{section.4.1}% 52
\BOOKMARK [2][-]{subsection.4.1.2}{Probability Density Function}{section.4.1}% 53
\BOOKMARK [2][-]{subsection.4.1.3}{Cumulative Distribution Function}{section.4.1}% 54
\BOOKMARK [1][-]{section.4.2}{Bernoulli Distribution Function}{chapter.4}% 55
\BOOKMARK [1][-]{section.4.3}{Binomial Distribution Function}{chapter.4}% 56
\BOOKMARK [1][-]{section.4.4}{Poisson Distribution Function}{chapter.4}% 57
\BOOKMARK [1][-]{section.4.5}{Exponential Distribution Function}{chapter.4}% 58
\BOOKMARK [1][-]{section.4.6}{Geometric Distribution Function}{chapter.4}% 59
\BOOKMARK [1][-]{section.4.7}{Negative Binomial Distribution Function}{chapter.4}% 60
\BOOKMARK [1][-]{section.4.8}{Normal Distribution Function}{chapter.4}% 61
\BOOKMARK [2][-]{subsection.4.8.1}{Effect of standard deviation and mean}{section.4.8}% 62
\BOOKMARK [2][-]{subsection.4.8.2}{Skewness and Kurtosis}{section.4.8}% 63
\BOOKMARK [2][-]{subsection.4.8.3}{Standard Normal Distribution}{section.4.8}% 64
